This is pdfTeX, Version 3.1415926-2.5-1.40.14 (TeX Live 2013/Debian) (format=pdflatex 2014.6.18)  1 JUL 2014 14:39
entering extended mode
 restricted \write18 enabled.
 %&-line parsing enabled.
**elsarticle-template-harv.tex
(./elsarticle-template-harv.tex
LaTeX2e <2011/06/27>
Babel <3.9h> and hyphenation patterns for 2 languages loaded.
(./elsarticle.cls
Document Class: elsarticle 2009/09/17, 1.20b: Elsevier Ltd
\@bls=\dimen102
(/usr/share/texlive/texmf-dist/tex/latex/base/article.cls
Document Class: article 2007/10/19 v1.4h Standard LaTeX document class
(/usr/share/texlive/texmf-dist/tex/latex/base/size12.clo
File: size12.clo 2007/10/19 v1.4h Standard LaTeX file (size option)
)
\c@part=\count79
\c@section=\count80
\c@subsection=\count81
\c@subsubsection=\count82
\c@paragraph=\count83
\c@subparagraph=\count84
\c@figure=\count85
\c@table=\count86
\abovecaptionskip=\skip41
\belowcaptionskip=\skip42
\bibindent=\dimen103
)
(/usr/share/texlive/texmf-dist/tex/latex/graphics/graphicx.sty
Package: graphicx 1999/02/16 v1.0f Enhanced LaTeX Graphics (DPC,SPQR)

(/usr/share/texlive/texmf-dist/tex/latex/graphics/keyval.sty
Package: keyval 1999/03/16 v1.13 key=value parser (DPC)
\KV@toks@=\toks14
)
(/usr/share/texlive/texmf-dist/tex/latex/graphics/graphics.sty
Package: graphics 2009/02/05 v1.0o Standard LaTeX Graphics (DPC,SPQR)

(/usr/share/texlive/texmf-dist/tex/latex/graphics/trig.sty
Package: trig 1999/03/16 v1.09 sin cos tan (DPC)
)
(/usr/share/texlive/texmf-dist/tex/latex/latexconfig/graphics.cfg
File: graphics.cfg 2010/04/23 v1.9 graphics configuration of TeX Live
)
Package graphics Info: Driver file: pdftex.def on input line 91.

(/usr/share/texlive/texmf-dist/tex/latex/pdftex-def/pdftex.def
File: pdftex.def 2011/05/27 v0.06d Graphics/color for pdfTeX

(/usr/share/texlive/texmf-dist/tex/generic/oberdiek/infwarerr.sty
Package: infwarerr 2010/04/08 v1.3 Providing info/warning/error messages (HO)
)
(/usr/share/texlive/texmf-dist/tex/generic/oberdiek/ltxcmds.sty
Package: ltxcmds 2011/11/09 v1.22 LaTeX kernel commands for general use (HO)
)
\Gread@gobject=\count87
))
\Gin@req@height=\dimen104
\Gin@req@width=\dimen105
)
(/usr/share/texlive/texmf-dist/tex/latex/psnfss/pifont.sty
Package: pifont 2005/04/12 PSNFSS-v9.2a Pi font support (SPQR) 
LaTeX Font Info:    Try loading font information for U+pzd on input line 63.

(/usr/share/texlive/texmf-dist/tex/latex/psnfss/upzd.fd
File: upzd.fd 2001/06/04 font definitions for U/pzd.
)
LaTeX Font Info:    Try loading font information for U+psy on input line 64.

(/usr/share/texlive/texmf-dist/tex/latex/psnfss/upsy.fd
File: upsy.fd 2001/06/04 font definitions for U/psy.
))
\c@tnote=\count88
\c@fnote=\count89
\c@cnote=\count90
\c@ead=\count91
\c@author=\count92
\@eadauthor=\toks15
\c@affn=\count93
\absbox=\box26
\keybox=\box27
\Columnwidth=\dimen106
\space@left=\dimen107
\els@boxa=\box28
\els@boxb=\box29
\leftMargin=\dimen108
\@enLab=\toks16
\@sep=\skip43
\@@sep=\skip44

(./elsarticle-template-harv.spl)
(/usr/share/texlive/texmf-dist/tex/latex/natbib/natbib.sty
Package: natbib 2010/09/13 8.31b (PWD, AO)
\bibhang=\skip45
\bibsep=\skip46
LaTeX Info: Redefining \cite on input line 694.
\c@NAT@ctr=\count94
)
\splwrite=\write3
\openout3 = `elsarticle-template-harv.spl'.

\appnamewidth=\dimen109
)
(/usr/share/texlive/texmf-dist/tex/latex/oberdiek/epstopdf.sty
Package: epstopdf 2010/02/09 v2.5 Conversion with epstopdf on the fly (HO)

(/usr/share/texlive/texmf-dist/tex/latex/oberdiek/epstopdf-base.sty
Package: epstopdf-base 2010/02/09 v2.5 Base part for package epstopdf

(/usr/share/texlive/texmf-dist/tex/latex/oberdiek/grfext.sty
Package: grfext 2010/08/19 v1.1 Manage graphics extensions (HO)

(/usr/share/texlive/texmf-dist/tex/generic/oberdiek/kvdefinekeys.sty
Package: kvdefinekeys 2011/04/07 v1.3 Define keys (HO)
))
(/usr/share/texlive/texmf-dist/tex/latex/oberdiek/kvoptions.sty
Package: kvoptions 2011/06/30 v3.11 Key value format for package options (HO)

(/usr/share/texlive/texmf-dist/tex/generic/oberdiek/kvsetkeys.sty
Package: kvsetkeys 2012/04/25 v1.16 Key value parser (HO)

(/usr/share/texlive/texmf-dist/tex/generic/oberdiek/etexcmds.sty
Package: etexcmds 2011/02/16 v1.5 Avoid name clashes with e-TeX commands (HO)

(/usr/share/texlive/texmf-dist/tex/generic/oberdiek/ifluatex.sty
Package: ifluatex 2010/03/01 v1.3 Provides the ifluatex switch (HO)
Package ifluatex Info: LuaTeX not detected.
)
Package etexcmds Info: Could not find \expanded.
(etexcmds)             That can mean that you are not using pdfTeX 1.50 or
(etexcmds)             that some package has redefined \expanded.
(etexcmds)             In the latter case, load this package earlier.
)))
(/usr/share/texlive/texmf-dist/tex/generic/oberdiek/pdftexcmds.sty
Package: pdftexcmds 2011/11/29 v0.20 Utility functions of pdfTeX for LuaTeX (HO
)

(/usr/share/texlive/texmf-dist/tex/generic/oberdiek/ifpdf.sty
Package: ifpdf 2011/01/30 v2.3 Provides the ifpdf switch (HO)
Package ifpdf Info: pdfTeX in PDF mode is detected.
)
Package pdftexcmds Info: LuaTeX not detected.
Package pdftexcmds Info: \pdf@primitive is available.
Package pdftexcmds Info: \pdf@ifprimitive is available.
Package pdftexcmds Info: \pdfdraftmode found.
)
Package grfext Info: Graphics extension search list:
(grfext)             [.png,.pdf,.jpg,.mps,.jpeg,.jbig2,.jb2,.PNG,.PDF,.JPG,.JPE
G,.JBIG2,.JB2,.eps]
(grfext)             \AppendGraphicsExtensions on input line 452.

(/usr/share/texlive/texmf-dist/tex/latex/latexconfig/epstopdf-sys.cfg
File: epstopdf-sys.cfg 2010/07/13 v1.3 Configuration of (r)epstopdf for TeX Liv
e
)))
(/usr/share/texlive/texmf-dist/tex/latex/amsfonts/amssymb.sty
Package: amssymb 2013/01/14 v3.01 AMS font symbols

(/usr/share/texlive/texmf-dist/tex/latex/amsfonts/amsfonts.sty
Package: amsfonts 2013/01/14 v3.01 Basic AMSFonts support
\@emptytoks=\toks17
\symAMSa=\mathgroup4
\symAMSb=\mathgroup5
LaTeX Font Info:    Overwriting math alphabet `\mathfrak' in version `bold'
(Font)                  U/euf/m/n --> U/euf/b/n on input line 106.
))
(/usr/share/texlive/texmf-dist/tex/latex/amsmath/amsmath.sty
Package: amsmath 2013/01/14 v2.14 AMS math features
\@mathmargin=\skip47

For additional information on amsmath, use the `?' option.
(/usr/share/texlive/texmf-dist/tex/latex/amsmath/amstext.sty
Package: amstext 2000/06/29 v2.01

(/usr/share/texlive/texmf-dist/tex/latex/amsmath/amsgen.sty
File: amsgen.sty 1999/11/30 v2.0
\@emptytoks=\toks18
\ex@=\dimen110
))
(/usr/share/texlive/texmf-dist/tex/latex/amsmath/amsbsy.sty
Package: amsbsy 1999/11/29 v1.2d
\pmbraise@=\dimen111
)
(/usr/share/texlive/texmf-dist/tex/latex/amsmath/amsopn.sty
Package: amsopn 1999/12/14 v2.01 operator names
)
\inf@bad=\count95
LaTeX Info: Redefining \frac on input line 210.
\uproot@=\count96
\leftroot@=\count97
LaTeX Info: Redefining \overline on input line 306.
\classnum@=\count98
\DOTSCASE@=\count99
LaTeX Info: Redefining \ldots on input line 378.
LaTeX Info: Redefining \dots on input line 381.
LaTeX Info: Redefining \cdots on input line 466.
\Mathstrutbox@=\box30
\strutbox@=\box31
\big@size=\dimen112
LaTeX Font Info:    Redeclaring font encoding OML on input line 566.
LaTeX Font Info:    Redeclaring font encoding OMS on input line 567.
\macc@depth=\count100
\c@MaxMatrixCols=\count101
\dotsspace@=\muskip10
\c@parentequation=\count102
\dspbrk@lvl=\count103
\tag@help=\toks19
\row@=\count104
\column@=\count105
\maxfields@=\count106
\andhelp@=\toks20
\eqnshift@=\dimen113
\alignsep@=\dimen114
\tagshift@=\dimen115
\tagwidth@=\dimen116
\totwidth@=\dimen117
\lineht@=\dimen118
\@envbody=\toks21
\multlinegap=\skip48
\multlinetaggap=\skip49
\mathdisplay@stack=\toks22
LaTeX Info: Redefining \[ on input line 2665.
LaTeX Info: Redefining \] on input line 2666.
)
(/usr/share/texlive/texmf-dist/tex/latex/graphics/color.sty
Package: color 2005/11/14 v1.0j Standard LaTeX Color (DPC)

(/usr/share/texlive/texmf-dist/tex/latex/latexconfig/color.cfg
File: color.cfg 2007/01/18 v1.5 color configuration of teTeX/TeXLive
)
Package color Info: Driver file: pdftex.def on input line 130.
)
(./elsarticle-template-harv.aux)
\openout1 = `elsarticle-template-harv.aux'.

LaTeX Font Info:    Checking defaults for OML/cmm/m/it on input line 102.
LaTeX Font Info:    ... okay on input line 102.
LaTeX Font Info:    Checking defaults for T1/cmr/m/n on input line 102.
LaTeX Font Info:    ... okay on input line 102.
LaTeX Font Info:    Checking defaults for OT1/cmr/m/n on input line 102.
LaTeX Font Info:    ... okay on input line 102.
LaTeX Font Info:    Checking defaults for OMS/cmsy/m/n on input line 102.
LaTeX Font Info:    ... okay on input line 102.
LaTeX Font Info:    Checking defaults for OMX/cmex/m/n on input line 102.
LaTeX Font Info:    ... okay on input line 102.
LaTeX Font Info:    Checking defaults for U/cmr/m/n on input line 102.
LaTeX Font Info:    ... okay on input line 102.

(/usr/share/texlive/texmf-dist/tex/context/base/supp-pdf.mkii
[Loading MPS to PDF converter (version 2006.09.02).]
\scratchcounter=\count107
\scratchdimen=\dimen119
\scratchbox=\box32
\nofMPsegments=\count108
\nofMParguments=\count109
\everyMPshowfont=\toks23
\MPscratchCnt=\count110
\MPscratchDim=\dimen120
\MPnumerator=\count111
\makeMPintoPDFobject=\count112
\everyMPtoPDFconversion=\toks24
)
LaTeX Font Info:    Try loading font information for U+msa on input line 138.
 (/usr/share/texlive/texmf-dist/tex/latex/amsfonts/umsa.fd
File: umsa.fd 2013/01/14 v3.01 AMS symbols A
)
LaTeX Font Info:    Try loading font information for U+msb on input line 138.

(/usr/share/texlive/texmf-dist/tex/latex/amsfonts/umsb.fd
File: umsb.fd 2013/01/14 v3.01 AMS symbols B
) [1


{/var/lib/texmf/fonts/map/pdftex/updmap/pdftex.map}] (./article.tex

Package natbib Warning: Citation `Paidoussis2010' on page 2 undefined on input 
line 5.


Package natbib Warning: Citation `Glauert1919' on page 2 undefined on input lin
e 5.


Package natbib Warning: Citation `DenHartog1956' on page 2 undefined on input l
ine 5.


Package natbib Warning: Citation `Parkinson1964' on page 2 undefined on input l
ine 5.


Package natbib Warning: Citation `Joly2012' on page 2 undefined on input line 7
.


Package natbib Warning: Citation `Parkinson1964' on page 2 undefined on input l
ine 7.


Package natbib Warning: Citation `Barrero-Gil2010a' on page 2 undefined on inpu
t line 7.

[2]

Package natbib Warning: Citation `Joly2012' on page 3 undefined on input line 1
0.


Package natbib Warning: Citation `Parkinson1964' on page 3 undefined on input l
ine 10.


Overfull \hbox (224.51294pt too wide) in paragraph at lines 17--57
[][] 
 []

[3]
Overfull \vbox (18.26488pt too high) has occurred while \output is active []


[4] (../figure/sketch-1.tex
Package epstopdf Info: Source file: <../FnP/gnuplot/setup-1.eps>
(epstopdf)                    date: 2014-05-12 16:36:30
(epstopdf)                    size: 3745 bytes
(epstopdf)             Output file: <../FnP/gnuplot/setup-1-eps-converted-to.pd
f>
(epstopdf)             Command: <repstopdf --outfile=../FnP/gnuplot/setup-1-eps
-converted-to.pdf ../FnP/gnuplot/setup-1.eps>
(epstopdf)             \includegraphics on input line 6.
runsystem(repstopdf --outfile=../FnP/gnuplot/setup-1-eps-converted-to.pdf ../Fn
P/gnuplot/setup-1.eps)...executed safely (allowed).

Package epstopdf Info: Result file: <../FnP/gnuplot/setup-1-eps-converted-to.pd
f>.


! Package pdftex.def Error: File `../FnP/gnuplot/setup-1-eps-converted-to.pdf' 
not found.

See the pdftex.def package documentation for explanation.
Type  H <return>  for immediate help.
 ...                                              
                                                  
l.6 ....5\unitlength]{../FnP/gnuplot/setup-1.eps}}
                                                  
Using draft setting for this image.
Try typing  <return>  to proceed.
If that doesn't work, type  X <return>  to quit.

)

Package natbib Warning: Citation `Parkinson1964' on page 5 undefined on input l
ine 80.


Package natbib Warning: Citation `Barrero-Gil2009' on page 5 undefined on input
 line 80.


Package natbib Warning: Citation `Ng2005' on page 5 undefined on input line 80.



Package natbib Warning: Citation `Joly2012' on page 5 undefined on input line 9
1.

[5]
! Extra }, or forgotten $.
l.97 ...)^5{+}a_7\left(\frac{\dot{y}}{U}\right)^7}
                                                  .
I've deleted a group-closing symbol because it seems to be
spurious, as in `$x}$'. But perhaps the } is legitimate and
you forgot something else, as in `\hbox{$x}'. In such cases
the way to recover is to insert both the forgotten and the
deleted material, e.g., by typing `I$}'.

(../figure/cy_vs_theta.tex
Package epstopdf Info: Source file: <../FnP/gnuplot/lift_curve_200.eps>
(epstopdf)                    date: 2014-06-07 13:44:11
(epstopdf)                    size: 20311 bytes
(epstopdf)             Output file: <../FnP/gnuplot/lift_curve_200-eps-converte
d-to.pdf>
(epstopdf)             Command: <repstopdf --outfile=../FnP/gnuplot/lift_curve_
200-eps-converted-to.pdf ../FnP/gnuplot/lift_curve_200.eps>
(epstopdf)             \includegraphics on input line 7.
runsystem(repstopdf --outfile=../FnP/gnuplot/lift_curve_200-eps-converted-to.pd
f ../FnP/gnuplot/lift_curve_200.eps)...executed safely (allowed).

Package epstopdf Info: Result file: <../FnP/gnuplot/lift_curve_200-eps-converte
d-to.pdf>.


! Package pdftex.def Error: File `../FnP/gnuplot/lift_curve_200-eps-converted-t
o.pdf' not found.

See the pdftex.def package documentation for explanation.
Type  H <return>  for immediate help.
 ...                                              
                                                  
l.7 ...length]{../FnP/gnuplot/lift_curve_200.eps}}
                                                  
Using draft setting for this image.
Try typing  <return>  to proceed.
If that doesn't work, type  X <return>  to quit.

Package epstopdf Info: Source file: <../FnP/gnuplot/lift_curve_park.eps>
(epstopdf)                    date: 2014-05-12 16:36:20
(epstopdf)                    size: 28855 bytes
(epstopdf)             Output file: <../FnP/gnuplot/lift_curve_park-eps-convert
ed-to.pdf>
(epstopdf)             Command: <repstopdf --outfile=../FnP/gnuplot/lift_curve_
park-eps-converted-to.pdf ../FnP/gnuplot/lift_curve_park.eps>
(epstopdf)             \includegraphics on input line 8.
runsystem(repstopdf --outfile=../FnP/gnuplot/lift_curve_park-eps-converted-to.p
df ../FnP/gnuplot/lift_curve_park.eps)...executed safely (allowed).

Package epstopdf Info: Result file: <../FnP/gnuplot/lift_curve_park-eps-convert
ed-to.pdf>.

! Package pdftex.def Error: File `../FnP/gnuplot/lift_curve_park-eps-converted-
to.pdf' not found.

See the pdftex.def package documentation for explanation.
Type  H <return>  for immediate help.
 ...                                              
                                                  
l.8 ...ength]{../FnP/gnuplot/lift_curve_park.eps}}
                                                  
Using draft setting for this image.
Try typing  <return>  to proceed.
If that doesn't work, type  X <return>  to quit.


Package natbib Warning: Citation `Parkinson1964' on page 6 undefined on input l
ine 19.


Package natbib Warning: Citation `Parkinson1964' on page 6 undefined on input l
ine 19.

) (../figure/coefficient-table.tex) [6] [7] [8]

Package natbib Warning: Citation `Parkinson1964' on page 9 undefined on input l
ine 181.

(../figure/uncollapsed_data.tex
Package epstopdf Info: Source file: <../FnP/gnuplot/displacement_amp_re_parkins
on_1.eps>
(epstopdf)                    date: 2014-05-12 16:36:15
(epstopdf)                    size: 19619 bytes
(epstopdf)             Output file: <../FnP/gnuplot/displacement_amp_re_parkins
on_1-eps-converted-to.pdf>
(epstopdf)             Command: <repstopdf --outfile=../FnP/gnuplot/displacemen
t_amp_re_parkinson_1-eps-converted-to.pdf ../FnP/gnuplot/displacement_amp_re_pa
rkinson_1.eps>
(epstopdf)             \includegraphics on input line 8.
runsystem(repstopdf --outfile=../FnP/gnuplot/displacement_amp_re_parkinson_1-ep
s-converted-to.pdf ../FnP/gnuplot/displacement_amp_re_parkinson_1.eps)...execut
ed safely (allowed).

Package epstopdf Info: Result file: <../FnP/gnuplot/displacement_amp_re_parkins
on_1-eps-converted-to.pdf>.


! Package pdftex.def Error: File `../FnP/gnuplot/displacement_amp_re_parkinson_
1-eps-converted-to.pdf' not found.

See the pdftex.def package documentation for explanation.
Type  H <return>  for immediate help.
 ...                                              
                                                  
l.8 ...uplot/displacement_amp_re_parkinson_1.eps}}
                                                  
Using draft setting for this image.
Try typing  <return>  to proceed.
If that doesn't work, type  X <return>  to quit.

Package epstopdf Info: Source file: <../FnP/gnuplot/velocity_amp_re_parkinson.e
ps>
(epstopdf)                    date: 2014-05-12 16:36:42
(epstopdf)                    size: 19728 bytes
(epstopdf)             Output file: <../FnP/gnuplot/velocity_amp_re_parkinson-e
ps-converted-to.pdf>
(epstopdf)             Command: <repstopdf --outfile=../FnP/gnuplot/velocity_am
p_re_parkinson-eps-converted-to.pdf ../FnP/gnuplot/velocity_amp_re_parkinson.ep
s>
(epstopdf)             \includegraphics on input line 9.
runsystem(repstopdf --outfile=../FnP/gnuplot/velocity_amp_re_parkinson-eps-conv
erted-to.pdf ../FnP/gnuplot/velocity_amp_re_parkinson.eps)...executed safely (a
llowed).

Package epstopdf Info: Result file: <../FnP/gnuplot/velocity_amp_re_parkinson-e
ps-converted-to.pdf>.

! Package pdftex.def Error: File `../FnP/gnuplot/velocity_amp_re_parkinson-eps-
converted-to.pdf' not found.

See the pdftex.def package documentation for explanation.
Type  H <return>  for immediate help.
 ...                                              
                                                  
l.9 ...FnP/gnuplot/velocity_amp_re_parkinson.eps}}
                                                  
Using draft setting for this image.
Try typing  <return>  to proceed.
If that doesn't work, type  X <return>  to quit.

Package epstopdf Info: Source file: <../FnP/gnuplot/mean_power_re_parkinson.eps
>
(epstopdf)                    date: 2014-05-12 16:36:26
(epstopdf)                    size: 21829 bytes
(epstopdf)             Output file: <../FnP/gnuplot/mean_power_re_parkinson-eps
-converted-to.pdf>
(epstopdf)             Command: <repstopdf --outfile=../FnP/gnuplot/mean_power_
re_parkinson-eps-converted-to.pdf ../FnP/gnuplot/mean_power_re_parkinson.eps>
(epstopdf)             \includegraphics on input line 10.
runsystem(repstopdf --outfile=../FnP/gnuplot/mean_power_re_parkinson-eps-conver
ted-to.pdf ../FnP/gnuplot/mean_power_re_parkinson.eps)...executed safely (allow
ed).

Package epstopdf Info: Result file: <../FnP/gnuplot/mean_power_re_parkinson-eps
-converted-to.pdf>.

! Package pdftex.def Error: File `../FnP/gnuplot/mean_power_re_parkinson-eps-co
nverted-to.pdf' not found.

See the pdftex.def package documentation for explanation.
Type  H <return>  for immediate help.
 ...                                              
                                                  
l.10 .../FnP/gnuplot/mean_power_re_parkinson.eps}}
                                                  
Using draft setting for this image.
Try typing  <return>  to proceed.
If that doesn't work, type  X <return>  to quit.

Package epstopdf Info: Source file: <../FnP/gnuplot/displacement_amp_re165.eps>

(epstopdf)                    date: 2014-05-12 16:36:14
(epstopdf)                    size: 19379 bytes
(epstopdf)             Output file: <../FnP/gnuplot/displacement_amp_re165-eps-
converted-to.pdf>
(epstopdf)             Command: <repstopdf --outfile=../FnP/gnuplot/displacemen
t_amp_re165-eps-converted-to.pdf ../FnP/gnuplot/displacement_amp_re165.eps>
(epstopdf)             \includegraphics on input line 13.
runsystem(repstopdf --outfile=../FnP/gnuplot/displacement_amp_re165-eps-convert
ed-to.pdf ../FnP/gnuplot/displacement_amp_re165.eps)...executed safely (allowed
).

Package epstopdf Info: Result file: <../FnP/gnuplot/displacement_amp_re165-eps-
converted-to.pdf>.

! Package pdftex.def Error: File `../FnP/gnuplot/displacement_amp_re165-eps-con
verted-to.pdf' not found.

See the pdftex.def package documentation for explanation.
Type  H <return>  for immediate help.
 ...                                              
                                                  
l.13 ..../FnP/gnuplot/displacement_amp_re165.eps}}
                                                  
Using draft setting for this image.
Try typing  <return>  to proceed.
If that doesn't work, type  X <return>  to quit.

Package epstopdf Info: Source file: <../FnP/gnuplot/velocity_amp_re165.eps>
(epstopdf)                    date: 2014-05-12 16:36:42
(epstopdf)                    size: 19515 bytes
(epstopdf)             Output file: <../FnP/gnuplot/velocity_amp_re165-eps-conv
erted-to.pdf>
(epstopdf)             Command: <repstopdf --outfile=../FnP/gnuplot/velocity_am
p_re165-eps-converted-to.pdf ../FnP/gnuplot/velocity_amp_re165.eps>
(epstopdf)             \includegraphics on input line 14.
runsystem(repstopdf --outfile=../FnP/gnuplot/velocity_amp_re165-eps-converted-t
o.pdf ../FnP/gnuplot/velocity_amp_re165.eps)...executed safely (allowed).

Package epstopdf Info: Result file: <../FnP/gnuplot/velocity_amp_re165-eps-conv
erted-to.pdf>.

! Package pdftex.def Error: File `../FnP/gnuplot/velocity_amp_re165-eps-convert
ed-to.pdf' not found.

See the pdftex.def package documentation for explanation.
Type  H <return>  for immediate help.
 ...                                              
                                                  
l.14 ...h]{../FnP/gnuplot/velocity_amp_re165.eps}}
                                                  
Using draft setting for this image.
Try typing  <return>  to proceed.
If that doesn't work, type  X <return>  to quit.

Package epstopdf Info: Source file: <../FnP/gnuplot/mean_power_re_165.eps>
(epstopdf)                    date: 2014-05-12 16:36:25
(epstopdf)                    size: 20345 bytes
(epstopdf)             Output file: <../FnP/gnuplot/mean_power_re_165-eps-conve
rted-to.pdf>
(epstopdf)             Command: <repstopdf --outfile=../FnP/gnuplot/mean_power_
re_165-eps-converted-to.pdf ../FnP/gnuplot/mean_power_re_165.eps>
(epstopdf)             \includegraphics on input line 15.
runsystem(repstopdf --outfile=../FnP/gnuplot/mean_power_re_165-eps-converted-to
.pdf ../FnP/gnuplot/mean_power_re_165.eps)...executed safely (allowed).

Package epstopdf Info: Result file: <../FnP/gnuplot/mean_power_re_165-eps-conve
rted-to.pdf>.

! Package pdftex.def Error: File `../FnP/gnuplot/mean_power_re_165-eps-converte
d-to.pdf' not found.

See the pdftex.def package documentation for explanation.
Type  H <return>  for immediate help.
 ...                                              
                                                  
l.15 ...th]{../FnP/gnuplot/mean_power_re_165.eps}}
                                                  
Using draft setting for this image.
Try typing  <return>  to proceed.
If that doesn't work, type  X <return>  to quit.


Package natbib Warning: Citation `Parkinson1964' on page 9 undefined on input l
ine 40.


Package natbib Warning: Citation `Parkinson1964' on page 9 undefined on input l
ine 40.

) (../figure/collapsed_data.tex
Package epstopdf Info: Source file: <../FnP/gnuplot/displacement_amp_collapsed_
parkinson.eps>
(epstopdf)                    date: 2014-05-12 16:36:12
(epstopdf)                    size: 19710 bytes
(epstopdf)             Output file: <../FnP/gnuplot/displacement_amp_collapsed_
parkinson-eps-converted-to.pdf>
(epstopdf)             Command: <repstopdf --outfile=../FnP/gnuplot/displacemen
t_amp_collapsed_parkinson-eps-converted-to.pdf ../FnP/gnuplot/displacement_amp_
collapsed_parkinson.eps>
(epstopdf)             \includegraphics on input line 7.
runsystem(repstopdf --outfile=../FnP/gnuplot/displacement_amp_collapsed_parkins
on-eps-converted-to.pdf ../FnP/gnuplot/displacement_amp_collapsed_parkinson.eps
)...executed safely (allowed).

Package epstopdf Info: Result file: <../FnP/gnuplot/displacement_amp_collapsed_
parkinson-eps-converted-to.pdf>.


! Package pdftex.def Error: File `../FnP/gnuplot/displacement_amp_collapsed_par
kinson-eps-converted-to.pdf' not found.

See the pdftex.def package documentation for explanation.
Type  H <return>  for immediate help.
 ...                                              
                                                  
l.7 .../displacement_amp_collapsed_parkinson.eps}}
                                                  
Using draft setting for this image.
Try typing  <return>  to proceed.
If that doesn't work, type  X <return>  to quit.

Package epstopdf Info: Source file: <../FnP/gnuplot/velocity_amp_collapsed_park
inson.eps>
(epstopdf)                    date: 2014-05-12 16:36:40
(epstopdf)                    size: 19706 bytes
(epstopdf)             Output file: <../FnP/gnuplot/velocity_amp_collapsed_park
inson-eps-converted-to.pdf>
(epstopdf)             Command: <repstopdf --outfile=../FnP/gnuplot/velocity_am
p_collapsed_parkinson-eps-converted-to.pdf ../FnP/gnuplot/velocity_amp_collapse
d_parkinson.eps>
(epstopdf)             \includegraphics on input line 8.
runsystem(repstopdf --outfile=../FnP/gnuplot/velocity_amp_collapsed_parkinson-e
ps-converted-to.pdf ../FnP/gnuplot/velocity_amp_collapsed_parkinson.eps)...exec
uted safely (allowed).

Package epstopdf Info: Result file: <../FnP/gnuplot/velocity_amp_collapsed_park
inson-eps-converted-to.pdf>.

! Package pdftex.def Error: File `../FnP/gnuplot/velocity_amp_collapsed_parkins
on-eps-converted-to.pdf' not found.

See the pdftex.def package documentation for explanation.
Type  H <return>  for immediate help.
 ...                                              
                                                  
l.8 ...plot/velocity_amp_collapsed_parkinson.eps}}
                                                  
Using draft setting for this image.
Try typing  <return>  to proceed.
If that doesn't work, type  X <return>  to quit.

Package epstopdf Info: Source file: <../FnP/gnuplot/velocity_amp_collapsed_re16
5.eps>
(epstopdf)                    date: 2014-05-12 16:36:41
(epstopdf)                    size: 19421 bytes
(epstopdf)             Output file: <../FnP/gnuplot/velocity_amp_collapsed_re16
5-eps-converted-to.pdf>
(epstopdf)             Command: <repstopdf --outfile=../FnP/gnuplot/velocity_am
p_collapsed_re165-eps-converted-to.pdf ../FnP/gnuplot/velocity_amp_collapsed_re
165.eps>
(epstopdf)             \includegraphics on input line 9.
runsystem(repstopdf --outfile=../FnP/gnuplot/velocity_amp_collapsed_re165-eps-c
onverted-to.pdf ../FnP/gnuplot/velocity_amp_collapsed_re165.eps)...executed saf
ely (allowed).

Package epstopdf Info: Result file: <../FnP/gnuplot/velocity_amp_collapsed_re16
5-eps-converted-to.pdf>.

! Package pdftex.def Error: File `../FnP/gnuplot/velocity_amp_collapsed_re165-e
ps-converted-to.pdf' not found.

See the pdftex.def package documentation for explanation.
Type  H <return>  for immediate help.
 ...                                              
                                                  
l.9 .../gnuplot/velocity_amp_collapsed_re165.eps}}
                                                  
Using draft setting for this image.
Try typing  <return>  to proceed.
If that doesn't work, type  X <return>  to quit.

Package epstopdf Info: Source file: <../FnP/gnuplot/mean_power_collapsed_parkin
son.eps>
(epstopdf)                    date: 2014-05-12 16:36:23
(epstopdf)                    size: 21939 bytes
(epstopdf)             Output file: <../FnP/gnuplot/mean_power_collapsed_parkin
son-eps-converted-to.pdf>
(epstopdf)             Command: <repstopdf --outfile=../FnP/gnuplot/mean_power_
collapsed_parkinson-eps-converted-to.pdf ../FnP/gnuplot/mean_power_collapsed_pa
rkinson.eps>
(epstopdf)             \includegraphics on input line 11.
runsystem(repstopdf --outfile=../FnP/gnuplot/mean_power_collapsed_parkinson-eps
-converted-to.pdf ../FnP/gnuplot/mean_power_collapsed_parkinson.eps)...executed
 safely (allowed).

Package epstopdf Info: Result file: <../FnP/gnuplot/mean_power_collapsed_parkin
son-eps-converted-to.pdf>.

! Package pdftex.def Error: File `../FnP/gnuplot/mean_power_collapsed_parkinson
-eps-converted-to.pdf' not found.

See the pdftex.def package documentation for explanation.
Type  H <return>  for immediate help.
 ...                                              
                                                  
l.11 ...uplot/mean_power_collapsed_parkinson.eps}}
                                                  
Using draft setting for this image.
Try typing  <return>  to proceed.
If that doesn't work, type  X <return>  to quit.

Package epstopdf Info: Source file: <../FnP/gnuplot/mean_power_collapsed_re_165
.eps>
(epstopdf)                    date: 2014-05-12 16:36:25
(epstopdf)                    size: 20112 bytes
(epstopdf)             Output file: <../FnP/gnuplot/mean_power_collapsed_re_165
-eps-converted-to.pdf>
(epstopdf)             Command: <repstopdf --outfile=../FnP/gnuplot/mean_power_
collapsed_re_165-eps-converted-to.pdf ../FnP/gnuplot/mean_power_collapsed_re_16
5.eps>
(epstopdf)             \includegraphics on input line 12.
runsystem(repstopdf --outfile=../FnP/gnuplot/mean_power_collapsed_re_165-eps-co
nverted-to.pdf ../FnP/gnuplot/mean_power_collapsed_re_165.eps)...executed safel
y (allowed).

Package epstopdf Info: Result file: <../FnP/gnuplot/mean_power_collapsed_re_165
-eps-converted-to.pdf>.

! Package pdftex.def Error: File `../FnP/gnuplot/mean_power_collapsed_re_165-ep
s-converted-to.pdf' not found.

See the pdftex.def package documentation for explanation.
Type  H <return>  for immediate help.
 ...                                              
                                                  
l.12 .../gnuplot/mean_power_collapsed_re_165.eps}}
                                                  
Using draft setting for this image.
Try typing  <return>  to proceed.
If that doesn't work, type  X <return>  to quit.

Package epstopdf Info: Source file: <../FnP/gnuplot/displacement_amp_collpased_
re165.eps>
(epstopdf)                    date: 2014-05-12 16:36:13
(epstopdf)                    size: 19178 bytes
(epstopdf)             Output file: <../FnP/gnuplot/displacement_amp_collpased_
re165-eps-converted-to.pdf>
(epstopdf)             Command: <repstopdf --outfile=../FnP/gnuplot/displacemen
t_amp_collpased_re165-eps-converted-to.pdf ../FnP/gnuplot/displacement_amp_coll
pased_re165.eps>
(epstopdf)             \includegraphics on input line 13.
runsystem(repstopdf --outfile=../FnP/gnuplot/displacement_amp_collpased_re165-e
ps-converted-to.pdf ../FnP/gnuplot/displacement_amp_collpased_re165.eps)...exec
uted safely (allowed).

Package epstopdf Info: Result file: <../FnP/gnuplot/displacement_amp_collpased_
re165-eps-converted-to.pdf>.

! Package pdftex.def Error: File `../FnP/gnuplot/displacement_amp_collpased_re1
65-eps-converted-to.pdf' not found.

See the pdftex.def package documentation for explanation.
Type  H <return>  for immediate help.
 ...                                              
                                                  
l.13 ...lot/displacement_amp_collpased_re165.eps}}
                                                  
Using draft setting for this image.
Try typing  <return>  to proceed.
If that doesn't work, type  X <return>  to quit.


Package natbib Warning: Citation `Parkinson1964' on page 9 undefined on input l
ine 35.


Package natbib Warning: Citation `Parkinson1964' on page 9 undefined on input l
ine 35.

)

Package natbib Warning: Citation `Barrero-Gil2010a' on page 9 undefined on inpu
t line 194.

[9] [10] [11]

Package natbib Warning: Citation `Joly2012' on page 12 undefined on input line 
199.

(../figure/spectrum_pi_1_10.tex
Package epstopdf Info: Source file: <../FnP/gnuplot/spectrum_pi1_10_pi2_0.eps>
(epstopdf)                    date: 2014-06-09 18:26:22
(epstopdf)                    size: 21566 bytes
(epstopdf)             Output file: <../FnP/gnuplot/spectrum_pi1_10_pi2_0-eps-c
onverted-to.pdf>
(epstopdf)             Command: <repstopdf --outfile=../FnP/gnuplot/spectrum_pi
1_10_pi2_0-eps-converted-to.pdf ../FnP/gnuplot/spectrum_pi1_10_pi2_0.eps>
(epstopdf)             \includegraphics on input line 23.
runsystem(repstopdf --outfile=../FnP/gnuplot/spectrum_pi1_10_pi2_0-eps-converte
d-to.pdf ../FnP/gnuplot/spectrum_pi1_10_pi2_0.eps)...executed safely (allowed).

Package epstopdf Info: Result file: <../FnP/gnuplot/spectrum_pi1_10_pi2_0-eps-c
onverted-to.pdf>.


! Package pdftex.def Error: File `../FnP/gnuplot/spectrum_pi1_10_pi2_0-eps-conv
erted-to.pdf' not found.

See the pdftex.def package documentation for explanation.
Type  H <return>  for immediate help.
 ...                                              
                                                  
l.23 }
      
Using draft setting for this image.
Try typing  <return>  to proceed.
If that doesn't work, type  X <return>  to quit.

Package epstopdf Info: Source file: <../FnP/gnuplot/spectrum_pi1_10_pi2_0_3.eps
>
(epstopdf)                    date: 2014-06-09 18:26:21
(epstopdf)                    size: 24770 bytes
(epstopdf)             Output file: <../FnP/gnuplot/spectrum_pi1_10_pi2_0_3-eps
-converted-to.pdf>
(epstopdf)             Command: <repstopdf --outfile=../FnP/gnuplot/spectrum_pi
1_10_pi2_0_3-eps-converted-to.pdf ../FnP/gnuplot/spectrum_pi1_10_pi2_0_3.eps>
(epstopdf)             \includegraphics on input line 23.
runsystem(repstopdf --outfile=../FnP/gnuplot/spectrum_pi1_10_pi2_0_3-eps-conver
ted-to.pdf ../FnP/gnuplot/spectrum_pi1_10_pi2_0_3.eps)...executed safely (allow
ed).

Package epstopdf Info: Result file: <../FnP/gnuplot/spectrum_pi1_10_pi2_0_3-eps
-converted-to.pdf>.

! Package pdftex.def Error: File `../FnP/gnuplot/spectrum_pi1_10_pi2_0_3-eps-co
nverted-to.pdf' not found.

See the pdftex.def package documentation for explanation.
Type  H <return>  for immediate help.
 ...                                              
                                                  
l.23 }
      
Using draft setting for this image.
Try typing  <return>  to proceed.
If that doesn't work, type  X <return>  to quit.

Package epstopdf Info: Source file: <../FnP/gnuplot/spectrum_pi1_10_pi2_0_54.ep
s>
(epstopdf)                    date: 2014-06-09 18:26:21
(epstopdf)                    size: 23293 bytes
(epstopdf)             Output file: <../FnP/gnuplot/spectrum_pi1_10_pi2_0_54-ep
s-converted-to.pdf>
(epstopdf)             Command: <repstopdf --outfile=../FnP/gnuplot/spectrum_pi
1_10_pi2_0_54-eps-converted-to.pdf ../FnP/gnuplot/spectrum_pi1_10_pi2_0_54.eps>

(epstopdf)             \includegraphics on input line 23.
runsystem(repstopdf --outfile=../FnP/gnuplot/spectrum_pi1_10_pi2_0_54-eps-conve
rted-to.pdf ../FnP/gnuplot/spectrum_pi1_10_pi2_0_54.eps)...executed safely (all
owed).

Package epstopdf Info: Result file: <../FnP/gnuplot/spectrum_pi1_10_pi2_0_54-ep
s-converted-to.pdf>.

! Package pdftex.def Error: File `../FnP/gnuplot/spectrum_pi1_10_pi2_0_54-eps-c
onverted-to.pdf' not found.

See the pdftex.def package documentation for explanation.
Type  H <return>  for immediate help.
 ...                                              
                                                  
l.23 }
      
Using draft setting for this image.
Try typing  <return>  to proceed.
If that doesn't work, type  X <return>  to quit.

Package epstopdf Info: Source file: <../FnP/gnuplot/spectrum_pi1_10_pi2_0_7.eps
>
(epstopdf)                    date: 2014-06-09 18:26:22
(epstopdf)                    size: 26013 bytes
(epstopdf)             Output file: <../FnP/gnuplot/spectrum_pi1_10_pi2_0_7-eps
-converted-to.pdf>
(epstopdf)             Command: <repstopdf --outfile=../FnP/gnuplot/spectrum_pi
1_10_pi2_0_7-eps-converted-to.pdf ../FnP/gnuplot/spectrum_pi1_10_pi2_0_7.eps>
(epstopdf)             \includegraphics on input line 23.
runsystem(repstopdf --outfile=../FnP/gnuplot/spectrum_pi1_10_pi2_0_7-eps-conver
ted-to.pdf ../FnP/gnuplot/spectrum_pi1_10_pi2_0_7.eps)...executed safely (allow
ed).

Package epstopdf Info: Result file: <../FnP/gnuplot/spectrum_pi1_10_pi2_0_7-eps
-converted-to.pdf>.

! Package pdftex.def Error: File `../FnP/gnuplot/spectrum_pi1_10_pi2_0_7-eps-co
nverted-to.pdf' not found.

See the pdftex.def package documentation for explanation.
Type  H <return>  for immediate help.
 ...                                              
                                                  
l.23 }
      
Using draft setting for this image.
Try typing  <return>  to proceed.
If that doesn't work, type  X <return>  to quit.


Overfull \hbox (14.63324pt too wide) in paragraph at lines 23--24
[][] 
 []

) (../figure/power_data.tex
Package epstopdf Info: Source file: <../FnP/gnuplot/mean_power_re_parkinson.eps
>
(epstopdf)                    date: 2014-05-12 16:36:26
(epstopdf)                    size: 21829 bytes
(epstopdf)             Output file: <../FnP/gnuplot/mean_power_re_parkinson-eps
-converted-to.pdf>
(epstopdf)             Command: <repstopdf --outfile=../FnP/gnuplot/mean_power_
re_parkinson-eps-converted-to.pdf ../FnP/gnuplot/mean_power_re_parkinson.eps>
(epstopdf)             \includegraphics on input line 23.
runsystem(repstopdf --outfile=../FnP/gnuplot/mean_power_re_parkinson-eps-conver
ted-to.pdf ../FnP/gnuplot/mean_power_re_parkinson.eps)...executed safely (allow
ed).

Package epstopdf Info: Result file: <../FnP/gnuplot/mean_power_re_parkinson-eps
-converted-to.pdf>.


! Package pdftex.def Error: File `../FnP/gnuplot/mean_power_re_parkinson-eps-co
nverted-to.pdf' not found.

See the pdftex.def package documentation for explanation.
Type  H <return>  for immediate help.
 ...                                              
                                                  
l.23 }
      
Using draft setting for this image.
Try typing  <return>  to proceed.
If that doesn't work, type  X <return>  to quit.

Package epstopdf Info: Source file: <../FnP/gnuplot/mean_power_re_165.eps>
(epstopdf)                    date: 2014-05-12 16:36:25
(epstopdf)                    size: 20345 bytes
(epstopdf)             Output file: <../FnP/gnuplot/mean_power_re_165-eps-conve
rted-to.pdf>
(epstopdf)             Command: <repstopdf --outfile=../FnP/gnuplot/mean_power_
re_165-eps-converted-to.pdf ../FnP/gnuplot/mean_power_re_165.eps>
(epstopdf)             \includegraphics on input line 23.
runsystem(repstopdf --outfile=../FnP/gnuplot/mean_power_re_165-eps-converted-to
.pdf ../FnP/gnuplot/mean_power_re_165.eps)...executed safely (allowed).

Package epstopdf Info: Result file: <../FnP/gnuplot/mean_power_re_165-eps-conve
rted-to.pdf>.

! Package pdftex.def Error: File `../FnP/gnuplot/mean_power_re_165-eps-converte
d-to.pdf' not found.

See the pdftex.def package documentation for explanation.
Type  H <return>  for immediate help.
 ...                                              
                                                  
l.23 }
      
Using draft setting for this image.
Try typing  <return>  to proceed.
If that doesn't work, type  X <return>  to quit.

Package epstopdf Info: Source file: <../FnP/gnuplot/mean_power_collapsed_parkin
son.eps>
(epstopdf)                    date: 2014-05-12 16:36:23
(epstopdf)                    size: 21939 bytes
(epstopdf)             Output file: <../FnP/gnuplot/mean_power_collapsed_parkin
son-eps-converted-to.pdf>
(epstopdf)             Command: <repstopdf --outfile=../FnP/gnuplot/mean_power_
collapsed_parkinson-eps-converted-to.pdf ../FnP/gnuplot/mean_power_collapsed_pa
rkinson.eps>
(epstopdf)             \includegraphics on input line 23.
runsystem(repstopdf --outfile=../FnP/gnuplot/mean_power_collapsed_parkinson-eps
-converted-to.pdf ../FnP/gnuplot/mean_power_collapsed_parkinson.eps)...executed
 safely (allowed).

Package epstopdf Info: Result file: <../FnP/gnuplot/mean_power_collapsed_parkin
son-eps-converted-to.pdf>.

! Package pdftex.def Error: File `../FnP/gnuplot/mean_power_collapsed_parkinson
-eps-converted-to.pdf' not found.

See the pdftex.def package documentation for explanation.
Type  H <return>  for immediate help.
 ...                                              
                                                  
l.23 }
      
Using draft setting for this image.
Try typing  <return>  to proceed.
If that doesn't work, type  X <return>  to quit.

Package epstopdf Info: Source file: <../FnP/gnuplot/mean_power_collapsed_re_165
.eps>
(epstopdf)                    date: 2014-05-12 16:36:25
(epstopdf)                    size: 20112 bytes
(epstopdf)             Output file: <../FnP/gnuplot/mean_power_collapsed_re_165
-eps-converted-to.pdf>
(epstopdf)             Command: <repstopdf --outfile=../FnP/gnuplot/mean_power_
collapsed_re_165-eps-converted-to.pdf ../FnP/gnuplot/mean_power_collapsed_re_16
5.eps>
(epstopdf)             \includegraphics on input line 23.
runsystem(repstopdf --outfile=../FnP/gnuplot/mean_power_collapsed_re_165-eps-co
nverted-to.pdf ../FnP/gnuplot/mean_power_collapsed_re_165.eps)...executed safel
y (allowed).

Package epstopdf Info: Result file: <../FnP/gnuplot/mean_power_collapsed_re_165
-eps-converted-to.pdf>.

! Package pdftex.def Error: File `../FnP/gnuplot/mean_power_collapsed_re_165-ep
s-converted-to.pdf' not found.

See the pdftex.def package documentation for explanation.
Type  H <return>  for immediate help.
 ...                                              
                                                  
l.23 }
      
Using draft setting for this image.
Try typing  <return>  to proceed.
If that doesn't work, type  X <return>  to quit.


Overfull \hbox (14.63324pt too wide) in paragraph at lines 23--24
[][] 
 []

)) [12] [13] [14] (./elsarticle-template-harv.bbl)

Package natbib Warning: There were undefined citations.

(./elsarticle-template-harv.aux) ) 
Here is how much of TeX's memory you used:
 3125 strings out of 495028
 40468 string characters out of 6181497
 104875 words of memory out of 5000000
 6229 multiletter control sequences out of 15000+600000
 15903 words of font info for 61 fonts, out of 8000000 for 9000
 14 hyphenation exceptions out of 8191
 42i,10n,34p,1342b,275s stack positions out of 5000i,500n,10000p,200000b,80000s
</usr/share/texlive/texmf-dist/fonts/type1/pu
blic/amsfonts/cm/cmbx10.pfb></usr/share/texlive/texmf-dist/fonts/type1/public/a
msfonts/cm/cmbx12.pfb></usr/share/texlive/texmf-dist/fonts/type1/public/amsfont
s/cm/cmex10.pfb></usr/share/texlive/texmf-dist/fonts/type1/public/amsfonts/cm/c
mmi10.pfb></usr/share/texlive/texmf-dist/fonts/type1/public/amsfonts/cm/cmmi12.
pfb></usr/share/texlive/texmf-dist/fonts/type1/public/amsfonts/cm/cmmi7.pfb></u
sr/share/texlive/texmf-dist/fonts/type1/public/amsfonts/cm/cmmi8.pfb></usr/shar
e/texlive/texmf-dist/fonts/type1/public/amsfonts/cm/cmr10.pfb></usr/share/texli
ve/texmf-dist/fonts/type1/public/amsfonts/cm/cmr12.pfb></usr/share/texlive/texm
f-dist/fonts/type1/public/amsfonts/cm/cmr17.pfb></usr/share/texlive/texmf-dist/
fonts/type1/public/amsfonts/cm/cmr7.pfb></usr/share/texlive/texmf-dist/fonts/ty
pe1/public/amsfonts/cm/cmr8.pfb></usr/share/texlive/texmf-dist/fonts/type1/publ
ic/amsfonts/cm/cmsy10.pfb></usr/share/texlive/texmf-dist/fonts/type1/public/ams
fonts/cm/cmsy7.pfb></usr/share/texlive/texmf-dist/fonts/type1/public/amsfonts/c
m/cmsy8.pfb></usr/share/texlive/texmf-dist/fonts/type1/public/amsfonts/cm/cmti1
0.pfb></usr/share/texlive/texmf-dist/fonts/type1/public/amsfonts/cm/cmti12.pfb>
</usr/share/texlive/texmf-dist/fonts/type1/public/amsfonts/cm/cmtt12.pfb></usr/
share/texlive/texmf-dist/fonts/type1/urw/zapfding/uzdr.pfb>
Output written on elsarticle-template-harv.pdf (14 pages, 231144 bytes).
PDF statistics:
 126 PDF objects out of 1000 (max. 8388607)
 90 compressed objects within 1 object stream
 0 named destinations out of 1000 (max. 500000)
 1 words of extra memory for PDF output out of 10000 (max. 10000000)

